Log file open, 06/03/22 16:04:16
LogWindows: Failed to load 'aqProf.dll' (GetLastError=126)
LogWindows: File 'aqProf.dll' does not exist
LogWindows: Failed to load 'VtuneApi.dll' (GetLastError=126)
LogWindows: File 'VtuneApi.dll' does not exist
LogWindows: Failed to load 'VtuneApi32e.dll' (GetLastError=126)
LogWindows: File 'VtuneApi32e.dll' does not exist
LogConsoleResponse: Display: Failed to find resolution value strings in scalability ini. Falling back to default.
LogInit: Display: Running engine for game: 내프로젝트
LogPlatformFile: Not using cached read wrapper
LogTaskGraph: Started task graph with 5 named threads and 47 total threads with 3 sets of task threads.
LogStats: Stats thread started at 0.609855
LogD3D11RHI: Loaded GFSDK_Aftermath_Lib.x64.dll
LogICUInternationalization: ICU TimeZone Detection - Raw Offset: +9:00, Platform Override: ''
LogPluginManager: Mounting plugin Paper2D
LogPluginManager: Mounting plugin AISupport
LogPluginManager: Mounting plugin LightPropagationVolume
LogPluginManager: Mounting plugin ActorLayerUtilities
LogPluginManager: Mounting plugin AnimationSharing
LogPluginManager: Mounting plugin CLionSourceCodeAccess
LogPluginManager: Mounting plugin CodeLiteSourceCodeAccess
LogPluginManager: Mounting plugin GitSourceControl
LogPluginManager: Mounting plugin KDevelopSourceCodeAccess
LogPluginManager: Mounting plugin NullSourceCodeAccess
LogPluginManager: Mounting plugin PerforceSourceControl
LogPluginManager: Mounting plugin PlasticSourceControl
LogPluginManager: Mounting plugin SubversionSourceControl
LogPluginManager: Mounting plugin UObjectPlugin
LogPluginManager: Mounting plugin VisualStudioCodeSourceCodeAccess
LogPluginManager: Mounting plugin VisualStudioSourceCodeAccess
LogPluginManager: Mounting plugin XCodeSourceCodeAccess
LogPluginManager: Mounting plugin AssetManagerEditor
LogPluginManager: Mounting plugin CryptoKeys
LogPluginManager: Mounting plugin CurveEditorTools
LogPluginManager: Mounting plugin DataValidation
LogPluginManager: Mounting plugin FacialAnimation
LogPluginManager: Mounting plugin GameplayTagsEditor
LogPluginManager: Mounting plugin MacGraphicsSwitching
LogPluginManager: Mounting plugin MaterialAnalyzer
LogPluginManager: Mounting plugin MobileLauncherProfileWizard
LogPluginManager: Mounting plugin PluginBrowser
LogPluginManager: Mounting plugin SpeedTreeImporter
LogPluginManager: Mounting plugin DatasmithContent
LogPluginManager: Mounting plugin VariantManagerContent
LogPluginManager: Mounting plugin AlembicImporter
LogPluginManager: Mounting plugin AutomationUtils
LogPluginManager: Mounting plugin BackChannel
LogPluginManager: Mounting plugin CharacterAI
LogPluginManager: Mounting plugin GeometryCache
LogPluginManager: Mounting plugin PlatformCrypto
LogPluginManager: Mounting plugin ProxyLODPlugin
LogPluginManager: Mounting plugin SkeletalReduction
LogPluginManager: Mounting plugin MagicLeap
LogPluginManager: Mounting plugin MagicLeapMedia
LogPluginManager: Mounting plugin MLSDK
LogPluginManager: Mounting plugin AndroidMedia
LogPluginManager: Mounting plugin AvfMedia
LogPluginManager: Mounting plugin ImgMedia
LogPluginManager: Mounting plugin MediaCompositing
LogPluginManager: Mounting plugin MediaPlayerEditor
LogPluginManager: Mounting plugin WebMMedia
LogPluginManager: Mounting plugin WmfMedia
LogPluginManager: Mounting plugin TcpMessaging
LogPluginManager: Mounting plugin UdpMessaging
LogPluginManager: Mounting plugin ActorSequence
LogPluginManager: Mounting plugin LevelSequenceEditor
LogPluginManager: Mounting plugin MatineeToLevelSequence
LogPluginManager: Mounting plugin NetcodeUnitTest
LogPluginManager: Mounting plugin NUTUnrealEngine4
LogPluginManager: Mounting plugin OnlineSubsystemGooglePlay
LogPluginManager: Mounting plugin OnlineSubsystemIOS
LogPluginManager: Mounting plugin OnlineSubsystem
LogPluginManager: Mounting plugin OnlineSubsystemNull
LogPluginManager: Mounting plugin OnlineSubsystemUtils
LogPluginManager: Mounting plugin LauncherChunkInstaller
LogPluginManager: Mounting plugin AndroidDeviceProfileSelector
LogPluginManager: Mounting plugin AndroidMoviePlayer
LogPluginManager: Mounting plugin AndroidPermission
LogPluginManager: Mounting plugin AppleImageUtils
LogPluginManager: Mounting plugin AppleMoviePlayer
LogPluginManager: Mounting plugin ArchVisCharacter
LogPluginManager: Mounting plugin AssetTags
LogPluginManager: Mounting plugin AudioCapture
LogPluginManager: Mounting plugin CableComponent
LogPluginManager: Mounting plugin CustomMeshComponent
LogPluginManager: Mounting plugin EditableMesh
LogPluginManager: Mounting plugin ExampleDeviceProfileSelector
LogPluginManager: Mounting plugin GoogleCloudMessaging
LogPluginManager: Mounting plugin IOSDeviceProfileSelector
LogPluginManager: Mounting plugin LinuxDeviceProfileSelector
LogPluginManager: Mounting plugin LocationServicesBPLibrary
LogPluginManager: Mounting plugin MobilePatchingUtils
LogPluginManager: Mounting plugin OculusVR
LogPluginManager: Mounting plugin PhysXVehicles
LogPluginManager: Mounting plugin PostSplashScreen
LogPluginManager: Mounting plugin ProceduralMeshComponent
LogPluginManager: Mounting plugin RuntimePhysXCooking
LogPluginManager: Mounting plugin SignificanceManager
LogPluginManager: Mounting plugin SteamVR
LogPluginManager: Mounting plugin WebMMoviePlayer
LogPluginManager: Mounting plugin WindowsMoviePlayer
LogPluginManager: Mounting plugin ScreenshotTools
LogInit: Using libcurl 7.55.1-DEV
LogInit:  - built for x86_64-pc-win32
LogInit:  - supports SSL with OpenSSL/1.1.1
LogInit:  - supports HTTP deflate (compression) using libz 1.2.8
LogInit:  - other features:
LogInit:      CURL_VERSION_SSL
LogInit:      CURL_VERSION_LIBZ
LogInit:      CURL_VERSION_IPV6
LogInit:      CURL_VERSION_ASYNCHDNS
LogInit:      CURL_VERSION_LARGEFILE
LogInit:      CURL_VERSION_IDN
LogInit:  CurlRequestOptions (configurable via config and command line):
LogInit:  - bVerifyPeer = true  - Libcurl will verify peer certificate
LogInit:  - bUseHttpProxy = false  - Libcurl will NOT use HTTP proxy
LogInit:  - bDontReuseConnections = false  - Libcurl will reuse connections
LogInit:  - MaxHostConnections = 16  - Libcurl will limit the number of connections to a host
LogInit:  - LocalHostAddr = Default
LogInit:  - BufferSize = 65536
LogOnline: OSS: Creating online subsystem instance for: NULL
LogInit: WinSock: version 1.1 (2.2), MaxSocks=32767, MaxUdp=65467
LogOnline: OSS: TryLoadSubsystemAndSetDefault: Loaded subsystem for module [NULL]
LogHMD: Failed initializing OVRPlugin 1.40.0
LogInit: Build: ++UE4+Release-4.24-CL-11590370
LogInit: Engine Version: 4.24.3-11590370+++UE4+Release-4.24
LogInit: Compatible Engine Version: 4.24.0-10570792+++UE4+Release-4.24
LogInit: Net CL: 10570792
LogInit: OS: Windows 10 (Release 2009) (), CPU: AMD Ryzen 7 4800H with Radeon Graphics         , GPU: AMD Radeon(TM) Graphics
LogInit: Compiled (64-bit): Feb 24 2020 15:39:18
LogInit: Compiled with Visual C++: 19.16.27032.01
LogInit: Build Configuration: Development
LogInit: Branch Name: ++UE4+Release-4.24
LogInit: Command Line: 
LogInit: Base Directory: D:/Epic Games/UE_4.24/Engine/Binaries/Win64/
LogInit: Installed Engine Build: 1
LogDevObjectVersion: Number of dev versions registered: 25
LogDevObjectVersion:   Dev-Blueprints (B0D832E4-1F89-4F0D-ACCF-7EB736FD4AA2): 10
LogDevObjectVersion:   Dev-Build (E1C64328-A22C-4D53-A36C-8E866417BD8C): 0
LogDevObjectVersion:   Dev-Core (375EC13C-06E4-48FB-B500-84F0262A717E): 3
LogDevObjectVersion:   Dev-Editor (E4B068ED-F494-42E9-A231-DA0B2E46BB41): 37
LogDevObjectVersion:   Dev-Framework (CFFC743F-43B0-4480-9391-14DF171D2073): 36
LogDevObjectVersion:   Dev-Mobile (B02B49B5-BB20-44E9-A304-32B752E40360): 2
LogDevObjectVersion:   Dev-Networking (A4E4105C-59A1-49B5-A7C5-40C4547EDFEE): 0
LogDevObjectVersion:   Dev-Online (39C831C9-5AE6-47DC-9A44-9C173E1C8E7C): 0
LogDevObjectVersion:   Dev-Physics (78F01B33-EBEA-4F98-B9B4-84EACCB95AA2): 2
LogDevObjectVersion:   Dev-Platform (6631380F-2D4D-43E0-8009-CF276956A95A): 0
LogDevObjectVersion:   Dev-Rendering (12F88B9F-8875-4AFC-A67C-D90C383ABD29): 36
LogDevObjectVersion:   Dev-Sequencer (7B5AE74C-D270-4C10-A958-57980B212A5A): 11
LogDevObjectVersion:   Dev-VR (D7296918-1DD6-4BDD-9DE2-64A83CC13884): 2
LogDevObjectVersion:   Dev-LoadTimes (C2A15278-BFE7-4AFE-6C17-90FF531DF755): 1
LogDevObjectVersion:   Private-Geometry (6EACA3D4-40EC-4CC1-B786-8BED09428FC5): 3
LogDevObjectVersion:   Dev-AnimPhys (29E575DD-E0A3-4627-9D10-D276232CDCEA): 17
LogDevObjectVersion:   Dev-Anim (AF43A65D-7FD3-4947-9873-3E8ED9C1BB05): 2
LogDevObjectVersion:   Dev-ReflectionCapture (6B266CEC-1EC7-4B8F-A30B-E4D90942FC07): 1
LogDevObjectVersion:   Dev-Automation (0DF73D61-A23F-47EA-B727-89E90C41499A): 1
LogDevObjectVersion:   FortniteMain (601D1886-AC64-4F84-AA16-D3DE0DEAC7D6): 31
LogDevObjectVersion:   Dev-Enterprise (9DFFBCD6-494F-0158-E221-12823C92A888): 8
LogDevObjectVersion:   Dev-Niagara (F2AED0AC-9AFE-416F-8664-AA7FFA26D6FC): 1
LogDevObjectVersion:   Dev-Destruction (174F1F0B-B4C6-45A5-B13F-2EE8D0FB917D): 9
LogDevObjectVersion:   Dev-Physics-Ext (35F94A83-E258-406C-A318-09F59610247C): 8
LogDevObjectVersion:   Dev-CineCamera (B2E18506-4273-CFC2-A54E-F4BB758BBA07): 1
LogInit: Presizing for max 25165824 objects, including 0 objects not considered by GC, pre-allocating 0 bytes for permanent pool.
LogInit: Object subsystem initialized
LogConfig: Setting CVar [[con.DebugEarlyDefault:1]]
LogConfig: Setting CVar [[r.setres:1280x720]]
[2022.06.03-07.04.17:677][  0]LogConfig: Setting CVar [[r.VSync:0]]
[2022.06.03-07.04.17:677][  0]LogConfig: Setting CVar [[r.RHICmdBypass:0]]
[2022.06.03-07.04.17:678][  0]LogConfig: Applying CVar settings from Section [/Script/Engine.RendererSettings] File [C:/Users/User/Documents/Unreal Projects/내프로젝트/Saved/Config/Windows/Engine.ini]
[2022.06.03-07.04.17:678][  0]LogConfig: Setting CVar [[r.GPUCrashDebugging:0]]
[2022.06.03-07.04.17:678][  0]LogConfig: Applying CVar settings from Section [/Script/Engine.RendererOverrideSettings] File [C:/Users/User/Documents/Unreal Projects/내프로젝트/Saved/Config/Windows/Engine.ini]
[2022.06.03-07.04.17:678][  0]LogConfig: Applying CVar settings from Section [/Script/Engine.StreamingSettings] File [C:/Users/User/Documents/Unreal Projects/내프로젝트/Saved/Config/Windows/Engine.ini]
[2022.06.03-07.04.17:678][  0]LogConfig: Setting CVar [[s.MinBulkDataSizeForAsyncLoading:131072]]
[2022.06.03-07.04.17:678][  0]LogConfig: Setting CVar [[s.AsyncLoadingThreadEnabled:0]]
[2022.06.03-07.04.17:678][  0]LogConfig: Setting CVar [[s.EventDrivenLoaderEnabled:1]]
[2022.06.03-07.04.17:678][  0]LogConfig: Setting CVar [[s.WarnIfTimeLimitExceeded:0]]
[2022.06.03-07.04.17:678][  0]LogConfig: Setting CVar [[s.TimeLimitExceededMultiplier:1.5]]
[2022.06.03-07.04.17:678][  0]LogConfig: Setting CVar [[s.TimeLimitExceededMinTime:0.005]]
[2022.06.03-07.04.17:678][  0]LogConfig: Setting CVar [[s.UseBackgroundLevelStreaming:1]]
[2022.06.03-07.04.17:678][  0]LogConfig: Setting CVar [[s.PriorityAsyncLoadingExtraTime:15.0]]
[2022.06.03-07.04.17:678][  0]LogConfig: Setting CVar [[s.LevelStreamingActorsUpdateTimeLimit:5.0]]
[2022.06.03-07.04.17:678][  0]LogConfig: Setting CVar [[s.PriorityLevelStreamingActorsUpdateExtraTime:5.0]]
[2022.06.03-07.04.17:678][  0]LogConfig: Setting CVar [[s.LevelStreamingComponentsRegistrationGranularity:10]]
[2022.06.03-07.04.17:678][  0]LogConfig: Setting CVar [[s.UnregisterComponentsTimeLimit:1.0]]
[2022.06.03-07.04.17:678][  0]LogConfig: Setting CVar [[s.LevelStreamingComponentsUnregistrationGranularity:5]]
[2022.06.03-07.04.17:678][  0]LogConfig: Setting CVar [[s.FlushStreamingOnExit:1]]
[2022.06.03-07.04.17:678][  0]LogConfig: Applying CVar settings from Section [/Script/Engine.GarbageCollectionSettings] File [C:/Users/User/Documents/Unreal Projects/내프로젝트/Saved/Config/Windows/Engine.ini]
[2022.06.03-07.04.17:678][  0]LogConfig: Setting CVar [[gc.MaxObjectsNotConsideredByGC:1]]
[2022.06.03-07.04.17:678][  0]LogConfig: Setting CVar [[gc.SizeOfPermanentObjectPool:0]]
[2022.06.03-07.04.17:678][  0]LogConfig: Setting CVar [[gc.FlushStreamingOnGC:0]]
[2022.06.03-07.04.17:678][  0]LogConfig: Setting CVar [[gc.NumRetriesBeforeForcingGC:10]]
[2022.06.03-07.04.17:678][  0]LogConfig: Setting CVar [[gc.AllowParallelGC:1]]
[2022.06.03-07.04.17:678][  0]LogConfig: Setting CVar [[gc.TimeBetweenPurgingPendingKillObjects:61.1]]
[2022.06.03-07.04.17:678][  0]LogConfig: Setting CVar [[gc.MaxObjectsInEditor:25165824]]
[2022.06.03-07.04.17:678][  0]LogConfig: Setting CVar [[gc.IncrementalBeginDestroyEnabled:1]]
[2022.06.03-07.04.17:678][  0]LogConfig: Setting CVar [[gc.CreateGCClusters:1]]
[2022.06.03-07.04.17:678][  0]LogConfig: Setting CVar [[gc.MinGCClusterSize:5]]
[2022.06.03-07.04.17:678][  0]LogConfig: Setting CVar [[gc.ActorClusteringEnabled:0]]
[2022.06.03-07.04.17:678][  0]LogConfig: Setting CVar [[gc.BlueprintClusteringEnabled:0]]
[2022.06.03-07.04.17:678][  0]LogConfig: Setting CVar [[gc.UseDisregardForGCOnDedicatedServers:0]]
[2022.06.03-07.04.17:678][  0]LogConfig: Applying CVar settings from Section [/Script/Engine.NetworkSettings] File [C:/Users/User/Documents/Unreal Projects/내프로젝트/Saved/Config/Windows/Engine.ini]
[2022.06.03-07.04.17:678][  0]LogConfig: Applying CVar settings from Section [/Script/UnrealEd.CookerSettings] File [C:/Users/User/Documents/Unreal Projects/내프로젝트/Saved/Config/Windows/Engine.ini]
[2022.06.03-07.04.17:684][  0]LogConfig: Applying CVar settings from Section [ViewDistanceQuality@3] File [C:/Users/User/Documents/Unreal Projects/내프로젝트/Saved/Config/Windows/Scalability.ini]
[2022.06.03-07.04.17:684][  0]LogConfig: Setting CVar [[r.SkeletalMeshLODBias:0]]
[2022.06.03-07.04.17:684][  0]LogConfig: Setting CVar [[r.ViewDistanceScale:1.0]]
[2022.06.03-07.04.17:684][  0]LogConfig: Applying CVar settings from Section [AntiAliasingQuality@3] File [C:/Users/User/Documents/Unreal Projects/내프로젝트/Saved/Config/Windows/Scalability.ini]
[2022.06.03-07.04.17:684][  0]LogConfig: Setting CVar [[r.PostProcessAAQuality:4]]
[2022.06.03-07.04.17:684][  0]LogConfig: Applying CVar settings from Section [ShadowQuality@3] File [C:/Users/User/Documents/Unreal Projects/내프로젝트/Saved/Config/Windows/Scalability.ini]
[2022.06.03-07.04.17:684][  0]LogConfig: Setting CVar [[r.LightFunctionQuality:1]]
[2022.06.03-07.04.17:684][  0]LogConfig: Setting CVar [[r.ShadowQuality:5]]
[2022.06.03-07.04.17:684][  0]LogConfig: Setting CVar [[r.Shadow.CSM.MaxCascades:10]]
[2022.06.03-07.04.17:684][  0]LogConfig: Setting CVar [[r.Shadow.MaxResolution:2048]]
[2022.06.03-07.04.17:684][  0]LogConfig: Setting CVar [[r.Shadow.MaxCSMResolution:2048]]
[2022.06.03-07.04.17:684][  0]LogConfig: Setting CVar [[r.Shadow.RadiusThreshold:0.01]]
[2022.06.03-07.04.17:684][  0]LogConfig: Setting CVar [[r.Shadow.DistanceScale:1.0]]
[2022.06.03-07.04.17:684][  0]LogConfig: Setting CVar [[r.Shadow.CSM.TransitionScale:1.0]]
[2022.06.03-07.04.17:684][  0]LogConfig: Setting CVar [[r.Shadow.PreShadowResolutionFactor:1.0]]
[2022.06.03-07.04.17:684][  0]LogConfig: Setting CVar [[r.DistanceFieldShadowing:1]]
[2022.06.03-07.04.17:684][  0]LogConfig: Setting CVar [[r.DistanceFieldAO:1]]
[2022.06.03-07.04.17:684][  0]LogConfig: Setting CVar [[r.AOQuality:2]]
[2022.06.03-07.04.17:684][  0]LogConfig: Setting CVar [[r.VolumetricFog:1]]
[2022.06.03-07.04.17:684][  0]LogConfig: Setting CVar [[r.VolumetricFog.GridPixelSize:8]]
[2022.06.03-07.04.17:684][  0]LogConfig: Setting CVar [[r.VolumetricFog.GridSizeZ:128]]
[2022.06.03-07.04.17:684][  0]LogConfig: Setting CVar [[r.VolumetricFog.HistoryMissSupersampleCount:4]]
[2022.06.03-07.04.17:684][  0]LogConfig: Setting CVar [[r.LightMaxDrawDistanceScale:1]]
[2022.06.03-07.04.17:684][  0]LogConfig: Setting CVar [[r.CapsuleShadows:1]]
[2022.06.03-07.04.17:684][  0]LogConfig: Applying CVar settings from Section [PostProcessQuality@3] File [C:/Users/User/Documents/Unreal Projects/내프로젝트/Saved/Config/Windows/Scalability.ini]
[2022.06.03-07.04.17:684][  0]LogConfig: Setting CVar [[r.MotionBlurQuality:4]]
[2022.06.03-07.04.17:684][  0]LogConfig: Setting CVar [[r.AmbientOcclusionMipLevelFactor:0.4]]
[2022.06.03-07.04.17:684][  0]LogConfig: Setting CVar [[r.AmbientOcclusionMaxQuality:100]]
[2022.06.03-07.04.17:684][  0]LogConfig: Setting CVar [[r.AmbientOcclusionLevels:-1]]
[2022.06.03-07.04.17:684][  0]LogConfig: Setting CVar [[r.AmbientOcclusionRadiusScale:1.0]]
[2022.06.03-07.04.17:684][  0]LogConfig: Setting CVar [[r.DepthOfFieldQuality:2]]
[2022.06.03-07.04.17:684][  0]LogConfig: Setting CVar [[r.RenderTargetPoolMin:400]]
[2022.06.03-07.04.17:684][  0]LogConfig: Setting CVar [[r.LensFlareQuality:2]]
[2022.06.03-07.04.17:684][  0]LogConfig: Setting CVar [[r.SceneColorFringeQuality:1]]
[2022.06.03-07.04.17:684][  0]LogConfig: Setting CVar [[r.EyeAdaptationQuality:2]]
[2022.06.03-07.04.17:684][  0]LogConfig: Setting CVar [[r.BloomQuality:5]]
[2022.06.03-07.04.17:684][  0]LogConfig: Setting CVar [[r.FastBlurThreshold:100]]
[2022.06.03-07.04.17:684][  0]LogConfig: Setting CVar [[r.Upscale.Quality:3]]
[2022.06.03-07.04.17:684][  0]LogConfig: Setting CVar [[r.Tonemapper.GrainQuantization:1]]
[2022.06.03-07.04.17:684][  0]LogConfig: Setting CVar [[r.LightShaftQuality:1]]
[2022.06.03-07.04.17:684][  0]LogConfig: Setting CVar [[r.Filter.SizeScale:1]]
[2022.06.03-07.04.17:684][  0]LogConfig: Setting CVar [[r.Tonemapper.Quality:5]]
[2022.06.03-07.04.17:684][  0]LogConfig: Setting CVar [[r.DOF.Gather.AccumulatorQuality:1        ; higher gathering accumulator quality]]
[2022.06.03-07.04.17:684][  0]LogConfig: Setting CVar [[r.DOF.Gather.PostfilterMethod:1          ; Median3x3 postfilering method]]
[2022.06.03-07.04.17:684][  0]LogConfig: Setting CVar [[r.DOF.Gather.EnableBokehSettings:0       ; no bokeh simulation when gathering]]
[2022.06.03-07.04.17:684][  0]LogConfig: Setting CVar [[r.DOF.Gather.RingCount:4                 ; medium number of samples when gathering]]
[2022.06.03-07.04.17:685][  0]LogConfig: Setting CVar [[r.DOF.Scatter.ForegroundCompositing:1    ; additive foreground scattering]]
[2022.06.03-07.04.17:685][  0]LogConfig: Setting CVar [[r.DOF.Scatter.BackgroundCompositing:2    ; additive background scattering]]
[2022.06.03-07.04.17:685][  0]LogConfig: Setting CVar [[r.DOF.Scatter.EnableBokehSettings:1      ; bokeh simulation when scattering]]
[2022.06.03-07.04.17:685][  0]LogConfig: Setting CVar [[r.DOF.Scatter.MaxSpriteRatio:0.1         ; only a maximum of 10% of scattered bokeh]]
[2022.06.03-07.04.17:685][  0]LogConfig: Setting CVar [[r.DOF.Recombine.Quality:1                ; cheap slight out of focus]]
[2022.06.03-07.04.17:685][  0]LogConfig: Setting CVar [[r.DOF.Recombine.EnableBokehSettings:0    ; no bokeh simulation on slight out of focus]]
[2022.06.03-07.04.17:685][  0]LogConfig: Setting CVar [[r.DOF.TemporalAAQuality:1                ; more stable temporal accumulation]]
[2022.06.03-07.04.17:685][  0]LogConfig: Setting CVar [[r.DOF.Kernel.MaxForegroundRadius:0.025]]
[2022.06.03-07.04.17:685][  0]LogConfig: Setting CVar [[r.DOF.Kernel.MaxBackgroundRadius:0.025]]
[2022.06.03-07.04.17:685][  0]LogConfig: Applying CVar settings from Section [TextureQuality@3] File [C:/Users/User/Documents/Unreal Projects/내프로젝트/Saved/Config/Windows/Scalability.ini]
[2022.06.03-07.04.17:685][  0]LogConfig: Setting CVar [[r.Streaming.MipBias:0]]
[2022.06.03-07.04.17:685][  0]LogConfig: Setting CVar [[r.Streaming.AmortizeCPUToGPUCopy:0]]
[2022.06.03-07.04.17:685][  0]LogConfig: Setting CVar [[r.Streaming.MaxNumTexturesToStreamPerFrame:0]]
[2022.06.03-07.04.17:685][  0]LogConfig: Setting CVar [[r.Streaming.Boost:1]]
[2022.06.03-07.04.17:685][  0]LogConfig: Setting CVar [[r.MaxAnisotropy:8]]
[2022.06.03-07.04.17:685][  0]LogConfig: Setting CVar [[r.VT.MaxAnisotropy:8]]
[2022.06.03-07.04.17:685][  0]LogConfig: Setting CVar [[r.Streaming.LimitPoolSizeToVRAM:0]]
[2022.06.03-07.04.17:685][  0]LogConfig: Setting CVar [[r.Streaming.PoolSize:1000]]
[2022.06.03-07.04.17:685][  0]LogConfig: Setting CVar [[r.Streaming.MaxEffectiveScreenSize:0]]
[2022.06.03-07.04.17:685][  0]LogConfig: Applying CVar settings from Section [EffectsQuality@3] File [C:/Users/User/Documents/Unreal Projects/내프로젝트/Saved/Config/Windows/Scalability.ini]
[2022.06.03-07.04.17:685][  0]LogConfig: Setting CVar [[r.TranslucencyLightingVolumeDim:64]]
[2022.06.03-07.04.17:685][  0]LogConfig: Setting CVar [[r.RefractionQuality:2]]
[2022.06.03-07.04.17:685][  0]LogConfig: Setting CVar [[r.SSR.Quality:3]]
[2022.06.03-07.04.17:685][  0]LogConfig: Setting CVar [[r.SSR.HalfResSceneColor:0]]
[2022.06.03-07.04.17:685][  0]LogConfig: Setting CVar [[r.SceneColorFormat:4]]
[2022.06.03-07.04.17:685][  0]LogConfig: Setting CVar [[r.DetailMode:2]]
[2022.06.03-07.04.17:685][  0]LogConfig: Setting CVar [[r.TranslucencyVolumeBlur:1]]
[2022.06.03-07.04.17:685][  0]LogConfig: Setting CVar [[r.MaterialQualityLevel:1 ; High quality]]
[2022.06.03-07.04.17:685][  0]LogConfig: Setting CVar [[r.SSS.Scale:1]]
[2022.06.03-07.04.17:685][  0]LogConfig: Setting CVar [[r.SSS.SampleSet:2]]
[2022.06.03-07.04.17:685][  0]LogConfig: Setting CVar [[r.SSS.Quality:1]]
[2022.06.03-07.04.17:685][  0]LogConfig: Setting CVar [[r.SSS.HalfRes:1]]
[2022.06.03-07.04.17:685][  0]LogConfig: Setting CVar [[r.SSGI.Quality:3]]
[2022.06.03-07.04.17:685][  0]LogConfig: Setting CVar [[r.EmitterSpawnRateScale:1.0]]
[2022.06.03-07.04.17:685][  0]LogConfig: Setting CVar [[r.ParticleLightQuality:2]]
[2022.06.03-07.04.17:685][  0]LogConfig: Setting CVar [[r.SkyAtmosphere.AerialPerspectiveLUT.FastApplyOnOpaque:1 ; Always have FastSkyLUT 1 in this case to avoid wrong sky]]
[2022.06.03-07.04.17:685][  0]LogConfig: Setting CVar [[r.SkyAtmosphere.AerialPerspectiveLUT.SampleCountPerSlice:1]]
[2022.06.03-07.04.17:685][  0]LogConfig: Setting CVar [[r.SkyAtmosphere.AerialPerspectiveLUT.DepthResolution:16.0]]
[2022.06.03-07.04.17:685][  0]LogConfig: Setting CVar [[r.SkyAtmosphere.FastSkyLUT:1]]
[2022.06.03-07.04.17:685][  0]LogConfig: Setting CVar [[r.SkyAtmosphere.FastSkyLUT.SampleCountMin:4.0]]
[2022.06.03-07.04.17:685][  0]LogConfig: Setting CVar [[r.SkyAtmosphere.FastSkyLUT.SampleCountMax:32.0]]
[2022.06.03-07.04.17:685][  0]LogConfig: Setting CVar [[r.SkyAtmosphere.SampleCountMin:4.0]]
[2022.06.03-07.04.17:685][  0]LogConfig: Setting CVar [[r.SkyAtmosphere.SampleCountMax:32.0]]
[2022.06.03-07.04.17:685][  0]LogConfig: Setting CVar [[r.SkyAtmosphere.TransmittanceLUT.UseSmallFormat:0]]
[2022.06.03-07.04.17:685][  0]LogConfig: Setting CVar [[r.SkyAtmosphere.TransmittanceLUT.SampleCount:10.0]]
[2022.06.03-07.04.17:685][  0]LogConfig: Setting CVar [[r.SkyAtmosphere.MultiScatteringLUT.SampleCount:15.0]]
[2022.06.03-07.04.17:685][  0]LogConfig: Applying CVar settings from Section [FoliageQuality@3] File [C:/Users/User/Documents/Unreal Projects/내프로젝트/Saved/Config/Windows/Scalability.ini]
[2022.06.03-07.04.17:685][  0]LogConfig: Setting CVar [[foliage.DensityScale:1.0]]
[2022.06.03-07.04.17:685][  0]LogConfig: Setting CVar [[grass.DensityScale:1.0]]
[2022.06.03-07.04.17:685][  0]LogConfig: Applying CVar settings from Section [ShadingQuality@3] File [C:/Users/User/Documents/Unreal Projects/내프로젝트/Saved/Config/Windows/Scalability.ini]
[2022.06.03-07.04.17:685][  0]LogConfig: Setting CVar [[r.HairStrands.SkyLighting.SampleCount:16]]
[2022.06.03-07.04.17:685][  0]LogConfig: Setting CVar [[r.HairStrands.SkyLighting.JitterIntegration:0]]
[2022.06.03-07.04.17:685][  0]LogConfig: Setting CVar [[r.HairStrands.SkyAO.SampleCount:16]]
[2022.06.03-07.04.17:685][  0]LogInit: Selected Device Profile: [Windows]
[2022.06.03-07.04.17:685][  0]LogInit: Applying CVar settings loaded from the selected device profile: [Windows]
[2022.06.03-07.04.17:690][  0]LogHAL: Display: Platform has ~ 16 GB [16495435776 / 17179869184 / 16], which maps to Larger [LargestMinGB=32, LargerMinGB=12, DefaultMinGB=8, SmallerMinGB=6, SmallestMinGB=0)
[2022.06.03-07.04.17:690][  0]LogInit: Going up to parent DeviceProfile []
[2022.06.03-07.04.17:690][  0]LogConfig: Applying CVar settings from Section [ViewDistanceQuality@3] File [C:/Users/User/Documents/Unreal Projects/내프로젝트/Saved/Config/Windows/Scalability.ini]
[2022.06.03-07.04.17:690][  0]LogConfig: Setting CVar [[r.SkeletalMeshLODBias:0]]
[2022.06.03-07.04.17:690][  0]LogConfig: Setting CVar [[r.ViewDistanceScale:1.0]]
[2022.06.03-07.04.17:690][  0]LogConfig: Applying CVar settings from Section [AntiAliasingQuality@3] File [C:/Users/User/Documents/Unreal Projects/내프로젝트/Saved/Config/Windows/Scalability.ini]
[2022.06.03-07.04.17:690][  0]LogConfig: Setting CVar [[r.PostProcessAAQuality:4]]
[2022.06.03-07.04.17:690][  0]LogConfig: Applying CVar settings from Section [ShadowQuality@3] File [C:/Users/User/Documents/Unreal Projects/내프로젝트/Saved/Config/Windows/Scalability.ini]
[2022.06.03-07.04.17:690][  0]LogConfig: Setting CVar [[r.LightFunctionQuality:1]]
[2022.06.03-07.04.17:690][  0]LogConfig: Setting CVar [[r.ShadowQuality:5]]
[2022.06.03-07.04.17:690][  0]LogConfig: Setting CVar [[r.Shadow.CSM.MaxCascades:10]]
[2022.06.03-07.04.17:690][  0]LogConfig: Setting CVar [[r.Shadow.MaxResolution:2048]]
[2022.06.03-07.04.17:690][  0]LogConfig: Setting CVar [[r.Shadow.MaxCSMResolution:2048]]
[2022.06.03-07.04.17:690][  0]LogConfig: Setting CVar [[r.Shadow.RadiusThreshold:0.01]]
[2022.06.03-07.04.17:690][  0]LogConfig: Setting CVar [[r.Shadow.DistanceScale:1.0]]
[2022.06.03-07.04.17:690][  0]LogConfig: Setting CVar [[r.Shadow.CSM.TransitionScale:1.0]]
[2022.06.03-07.04.17:690][  0]LogConfig: Setting CVar [[r.Shadow.PreShadowResolutionFactor:1.0]]
[2022.06.03-07.04.17:690][  0]LogConfig: Setting CVar [[r.DistanceFieldShadowing:1]]
[2022.06.03-07.04.17:690][  0]LogConfig: Setting CVar [[r.DistanceFieldAO:1]]
[2022.06.03-07.04.17:690][  0]LogConfig: Setting CVar [[r.AOQuality:2]]
[2022.06.03-07.04.17:690][  0]LogConfig: Setting CVar [[r.VolumetricFog:1]]
[2022.06.03-07.04.17:690][  0]LogConfig: Setting CVar [[r.VolumetricFog.GridPixelSize:8]]
[2022.06.03-07.04.17:690][  0]LogConfig: Setting CVar [[r.VolumetricFog.GridSizeZ:128]]
[2022.06.03-07.04.17:690][  0]LogConfig: Setting CVar [[r.VolumetricFog.HistoryMissSupersampleCount:4]]
[2022.06.03-07.04.17:690][  0]LogConfig: Setting CVar [[r.LightMaxDrawDistanceScale:1]]
[2022.06.03-07.04.17:690][  0]LogConfig: Setting CVar [[r.CapsuleShadows:1]]
[2022.06.03-07.04.17:690][  0]LogConfig: Applying CVar settings from Section [PostProcessQuality@3] File [C:/Users/User/Documents/Unreal Projects/내프로젝트/Saved/Config/Windows/Scalability.ini]
[2022.06.03-07.04.17:690][  0]LogConfig: Setting CVar [[r.MotionBlurQuality:4]]
[2022.06.03-07.04.17:690][  0]LogConfig: Setting CVar [[r.AmbientOcclusionMipLevelFactor:0.4]]
[2022.06.03-07.04.17:690][  0]LogConfig: Setting CVar [[r.AmbientOcclusionMaxQuality:100]]
[2022.06.03-07.04.17:690][  0]LogConfig: Setting CVar [[r.AmbientOcclusionLevels:-1]]
[2022.06.03-07.04.17:690][  0]LogConfig: Setting CVar [[r.AmbientOcclusionRadiusScale:1.0]]
[2022.06.03-07.04.17:690][  0]LogConfig: Setting CVar [[r.DepthOfFieldQuality:2]]
[2022.06.03-07.04.17:690][  0]LogConfig: Setting CVar [[r.RenderTargetPoolMin:400]]
[2022.06.03-07.04.17:690][  0]LogConfig: Setting CVar [[r.LensFlareQuality:2]]
[2022.06.03-07.04.17:690][  0]LogConfig: Setting CVar [[r.SceneColorFringeQuality:1]]
[2022.06.03-07.04.17:690][  0]LogConfig: Setting CVar [[r.EyeAdaptationQuality:2]]
[2022.06.03-07.04.17:690][  0]LogConfig: Setting CVar [[r.BloomQuality:5]]
[2022.06.03-07.04.17:690][  0]LogConfig: Setting CVar [[r.FastBlurThreshold:100]]
[2022.06.03-07.04.17:690][  0]LogConfig: Setting CVar [[r.Upscale.Quality:3]]
[2022.06.03-07.04.17:690][  0]LogConfig: Setting CVar [[r.Tonemapper.GrainQuantization:1]]
[2022.06.03-07.04.17:690][  0]LogConfig: Setting CVar [[r.LightShaftQuality:1]]
[2022.06.03-07.04.17:690][  0]LogConfig: Setting CVar [[r.Filter.SizeScale:1]]
[2022.06.03-07.04.17:690][  0]LogConfig: Setting CVar [[r.Tonemapper.Quality:5]]
[2022.06.03-07.04.17:690][  0]LogConfig: Setting CVar [[r.DOF.Gather.AccumulatorQuality:1        ; higher gathering accumulator quality]]
[2022.06.03-07.04.17:690][  0]LogConfig: Setting CVar [[r.DOF.Gather.PostfilterMethod:1          ; Median3x3 postfilering method]]
[2022.06.03-07.04.17:690][  0]LogConfig: Setting CVar [[r.DOF.Gather.EnableBokehSettings:0       ; no bokeh simulation when gathering]]
[2022.06.03-07.04.17:690][  0]LogConfig: Setting CVar [[r.DOF.Gather.RingCount:4                 ; medium number of samples when gathering]]
[2022.06.03-07.04.17:690][  0]LogConfig: Setting CVar [[r.DOF.Scatter.ForegroundCompositing:1    ; additive foreground scattering]]
[2022.06.03-07.04.17:690][  0]LogConfig: Setting CVar [[r.DOF.Scatter.BackgroundCompositing:2    ; additive background scattering]]
[2022.06.03-07.04.17:690][  0]LogConfig: Setting CVar [[r.DOF.Scatter.EnableBokehSettings:1      ; bokeh simulation when scattering]]
[2022.06.03-07.04.17:690][  0]LogConfig: Setting CVar [[r.DOF.Scatter.MaxSpriteRatio:0.1         ; only a maximum of 10% of scattered bokeh]]
[2022.06.03-07.04.17:690][  0]LogConfig: Setting CVar [[r.DOF.Recombine.Quality:1                ; cheap slight out of focus]]
[2022.06.03-07.04.17:690][  0]LogConfig: Setting CVar [[r.DOF.Recombine.EnableBokehSettings:0    ; no bokeh simulation on slight out of focus]]
[2022.06.03-07.04.17:690][  0]LogConfig: Setting CVar [[r.DOF.TemporalAAQuality:1                ; more stable temporal accumulation]]
[2022.06.03-07.04.17:690][  0]LogConfig: Setting CVar [[r.DOF.Kernel.MaxForegroundRadius:0.025]]
[2022.06.03-07.04.17:690][  0]LogConfig: Setting CVar [[r.DOF.Kernel.MaxBackgroundRadius:0.025]]
[2022.06.03-07.04.17:690][  0]LogConfig: Applying CVar settings from Section [TextureQuality@3] File [C:/Users/User/Documents/Unreal Projects/내프로젝트/Saved/Config/Windows/Scalability.ini]
[2022.06.03-07.04.17:690][  0]LogConfig: Setting CVar [[r.Streaming.MipBias:0]]
[2022.06.03-07.04.17:690][  0]LogConfig: Setting CVar [[r.Streaming.AmortizeCPUToGPUCopy:0]]
[2022.06.03-07.04.17:690][  0]LogConfig: Setting CVar [[r.Streaming.MaxNumTexturesToStreamPerFrame:0]]
[2022.06.03-07.04.17:690][  0]LogConfig: Setting CVar [[r.Streaming.Boost:1]]
[2022.06.03-07.04.17:690][  0]LogConfig: Setting CVar [[r.MaxAnisotropy:8]]
[2022.06.03-07.04.17:690][  0]LogConfig: Setting CVar [[r.VT.MaxAnisotropy:8]]
[2022.06.03-07.04.17:690][  0]LogConfig: Setting CVar [[r.Streaming.LimitPoolSizeToVRAM:0]]
[2022.06.03-07.04.17:690][  0]LogConfig: Setting CVar [[r.Streaming.PoolSize:1000]]
[2022.06.03-07.04.17:690][  0]LogConfig: Setting CVar [[r.Streaming.MaxEffectiveScreenSize:0]]
[2022.06.03-07.04.17:690][  0]LogConfig: Applying CVar settings from Section [EffectsQuality@3] File [C:/Users/User/Documents/Unreal Projects/내프로젝트/Saved/Config/Windows/Scalability.ini]
[2022.06.03-07.04.17:690][  0]LogConfig: Setting CVar [[r.TranslucencyLightingVolumeDim:64]]
[2022.06.03-07.04.17:690][  0]LogConfig: Setting CVar [[r.RefractionQuality:2]]
[2022.06.03-07.04.17:690][  0]LogConfig: Setting CVar [[r.SSR.Quality:3]]
[2022.06.03-07.04.17:690][  0]LogConfig: Setting CVar [[r.SSR.HalfResSceneColor:0]]
[2022.06.03-07.04.17:690][  0]LogConfig: Setting CVar [[r.SceneColorFormat:4]]
[2022.06.03-07.04.17:690][  0]LogConfig: Setting CVar [[r.DetailMode:2]]
[2022.06.03-07.04.17:690][  0]LogConfig: Setting CVar [[r.TranslucencyVolumeBlur:1]]
[2022.06.03-07.04.17:690][  0]LogConfig: Setting CVar [[r.MaterialQualityLevel:1 ; High quality]]
[2022.06.03-07.04.17:690][  0]LogConfig: Setting CVar [[r.SSS.Scale:1]]
[2022.06.03-07.04.17:690][  0]LogConfig: Setting CVar [[r.SSS.SampleSet:2]]
[2022.06.03-07.04.17:690][  0]LogConfig: Setting CVar [[r.SSS.Quality:1]]
[2022.06.03-07.04.17:690][  0]LogConfig: Setting CVar [[r.SSS.HalfRes:1]]
[2022.06.03-07.04.17:690][  0]LogConfig: Setting CVar [[r.SSGI.Quality:3]]
[2022.06.03-07.04.17:690][  0]LogConfig: Setting CVar [[r.EmitterSpawnRateScale:1.0]]
[2022.06.03-07.04.17:691][  0]LogConfig: Setting CVar [[r.ParticleLightQuality:2]]
[2022.06.03-07.04.17:691][  0]LogConfig: Setting CVar [[r.SkyAtmosphere.AerialPerspectiveLUT.FastApplyOnOpaque:1 ; Always have FastSkyLUT 1 in this case to avoid wrong sky]]
[2022.06.03-07.04.17:691][  0]LogConfig: Setting CVar [[r.SkyAtmosphere.AerialPerspectiveLUT.SampleCountPerSlice:1]]
[2022.06.03-07.04.17:691][  0]LogConfig: Setting CVar [[r.SkyAtmosphere.AerialPerspectiveLUT.DepthResolution:16.0]]
[2022.06.03-07.04.17:691][  0]LogConfig: Setting CVar [[r.SkyAtmosphere.FastSkyLUT:1]]
[2022.06.03-07.04.17:691][  0]LogConfig: Setting CVar [[r.SkyAtmosphere.FastSkyLUT.SampleCountMin:4.0]]
[2022.06.03-07.04.17:691][  0]LogConfig: Setting CVar [[r.SkyAtmosphere.FastSkyLUT.SampleCountMax:32.0]]
[2022.06.03-07.04.17:691][  0]LogConfig: Setting CVar [[r.SkyAtmosphere.SampleCountMin:4.0]]
[2022.06.03-07.04.17:691][  0]LogConfig: Setting CVar [[r.SkyAtmosphere.SampleCountMax:32.0]]
[2022.06.03-07.04.17:691][  0]LogConfig: Setting CVar [[r.SkyAtmosphere.TransmittanceLUT.UseSmallFormat:0]]
[2022.06.03-07.04.17:691][  0]LogConfig: Setting CVar [[r.SkyAtmosphere.TransmittanceLUT.SampleCount:10.0]]
[2022.06.03-07.04.17:691][  0]LogConfig: Setting CVar [[r.SkyAtmosphere.MultiScatteringLUT.SampleCount:15.0]]
[2022.06.03-07.04.17:691][  0]LogConfig: Applying CVar settings from Section [FoliageQuality@3] File [C:/Users/User/Documents/Unreal Projects/내프로젝트/Saved/Config/Windows/Scalability.ini]
[2022.06.03-07.04.17:691][  0]LogConfig: Setting CVar [[foliage.DensityScale:1.0]]
[2022.06.03-07.04.17:691][  0]LogConfig: Setting CVar [[grass.DensityScale:1.0]]
[2022.06.03-07.04.17:691][  0]LogConfig: Applying CVar settings from Section [ShadingQuality@3] File [C:/Users/User/Documents/Unreal Projects/내프로젝트/Saved/Config/Windows/Scalability.ini]
[2022.06.03-07.04.17:691][  0]LogConfig: Setting CVar [[r.HairStrands.SkyLighting.SampleCount:16]]
[2022.06.03-07.04.17:691][  0]LogConfig: Setting CVar [[r.HairStrands.SkyLighting.JitterIntegration:0]]
[2022.06.03-07.04.17:691][  0]LogConfig: Setting CVar [[r.HairStrands.SkyAO.SampleCount:16]]
[2022.06.03-07.04.17:691][  0]LogConfig: Applying CVar settings from Section [Startup] File [../../../Engine/Config/ConsoleVariables.ini]
[2022.06.03-07.04.17:692][  0]LogConfig: Setting CVar [[net.UseAdaptiveNetUpdateFrequency:0]]
[2022.06.03-07.04.17:692][  0]LogConfig: Setting CVar [[p.chaos.AllowCreatePhysxBodies:1]]
[2022.06.03-07.04.17:692][  0]LogConfig: Applying CVar settings from Section [ConsoleVariables] File [C:/Users/User/Documents/Unreal Projects/내프로젝트/Saved/Config/Windows/Engine.ini]
[2022.06.03-07.04.17:693][  0]LogInit: Computer: LAPTOP-7PQFI07R
[2022.06.03-07.04.17:693][  0]LogInit: User: User
[2022.06.03-07.04.17:693][  0]LogInit: CPU Page size=4096, Cores=8
[2022.06.03-07.04.17:693][  0]LogInit: High frequency timer resolution =10.000000 MHz
[2022.06.03-07.04.17:693][  0]LogMemory: Memory total: Physical=15.4GB (16GB approx)
[2022.06.03-07.04.17:693][  0]LogMemory: Platform Memory Stats for Windows
[2022.06.03-07.04.17:693][  0]LogMemory: Process Physical Memory: 115.19 MB used, 115.20 MB peak
[2022.06.03-07.04.17:693][  0]LogMemory: Process Virtual Memory: 107.05 MB used, 107.05 MB peak
[2022.06.03-07.04.17:693][  0]LogMemory: Physical Memory: 7794.11 MB used,  7937.17 MB free, 15731.27 MB total
[2022.06.03-07.04.17:693][  0]LogMemory: Virtual Memory: 5224.22 MB used,  134212504.00 MB free, 134217728.00 MB total
[2022.06.03-07.04.17:702][  0]LogWindows: WindowsPlatformFeatures enabled
[2022.06.03-07.04.17:864][  0]LogInit: Using OS detected language (ko-KR).
[2022.06.03-07.04.17:864][  0]LogInit: Using OS detected locale (ko-KR).
[2022.06.03-07.04.17:865][  0]LogTextLocalizationManager: No specific localization for 'ko-KR' exists, so the 'ko' localization will be used.
[2022.06.03-07.04.17:982][  0]LogInit: Setting process to per monitor DPI aware
[2022.06.03-07.04.18:063][  0]LogSlate: New Slate User Created.  User Index 0, Is Virtual User: 0
[2022.06.03-07.04.18:063][  0]LogSlate: Slate User Registered.  User Index 0, Is Virtual User: 0
[2022.06.03-07.04.18:442][  0]LogHMD: Failed to initialize OpenVR with code 100
[2022.06.03-07.04.18:442][  0]LogD3D11RHI: D3D11 min allowed feature level: 11_0
[2022.06.03-07.04.18:442][  0]LogD3D11RHI: D3D11 max allowed feature level: 11_0
[2022.06.03-07.04.18:442][  0]LogD3D11RHI: D3D11 adapters:
[2022.06.03-07.04.18:557][  0]LogD3D11RHI:    0. 'NVIDIA GeForce RTX 2060' (Feature Level 11_0)
[2022.06.03-07.04.18:557][  0]LogD3D11RHI:       5980/0/7865 MB DedicatedVideo/DedicatedSystem/SharedSystem, Outputs:1, VendorId:0x10de
[2022.06.03-07.04.18:596][  0]LogD3D11RHI:    1. 'AMD Radeon(TM) Graphics' (Feature Level 11_0)
[2022.06.03-07.04.18:596][  0]LogD3D11RHI:       496/0/7865 MB DedicatedVideo/DedicatedSystem/SharedSystem, Outputs:1, VendorId:0x1002
[2022.06.03-07.04.18:602][  0]LogD3D11RHI:    2. 'Microsoft Basic Render Driver' (Feature Level 11_0)
[2022.06.03-07.04.18:602][  0]LogD3D11RHI:       0/0/7865 MB DedicatedVideo/DedicatedSystem/SharedSystem, Outputs:0, VendorId:0x1414
[2022.06.03-07.04.18:602][  0]LogD3D11RHI: Chosen D3D11 Adapter: 0
[2022.06.03-07.04.18:613][  0]LogD3D11RHI: Creating new Direct3DDevice
[2022.06.03-07.04.18:614][  0]LogD3D11RHI:     GPU DeviceId: 0x1f15 (for the marketing name, search the web for "GPU Device Id")
[2022.06.03-07.04.18:614][  0]LogWindows: EnumDisplayDevices:
[2022.06.03-07.04.18:614][  0]LogWindows:    0. 'AMD Radeon(TM) Graphics' (P:0 D:1)
[2022.06.03-07.04.18:615][  0]LogWindows:    1. 'AMD Radeon(TM) Graphics' (P:0 D:0)
[2022.06.03-07.04.18:615][  0]LogWindows:    2. 'AMD Radeon(TM) Graphics' (P:0 D:0)
[2022.06.03-07.04.18:615][  0]LogWindows:    3. 'NVIDIA GeForce RTX 2060' (P:1 D:1)
[2022.06.03-07.04.18:616][  0]LogWindows:    4. 'NVIDIA GeForce RTX 2060' (P:0 D:0)
[2022.06.03-07.04.18:616][  0]LogWindows:    5. 'NVIDIA GeForce RTX 2060' (P:0 D:0)
[2022.06.03-07.04.18:616][  0]LogWindows:    6. 'NVIDIA GeForce RTX 2060' (P:0 D:0)
[2022.06.03-07.04.18:616][  0]LogWindows: DebugString: PrimaryIsNotTheChoosenAdapter PrimaryIsNotTheChoosenAdapter PrimaryIsNotTheChoosenAdapter FoundDriverCount:4 
[2022.06.03-07.04.18:616][  0]LogD3D11RHI:     Adapter Name: NVIDIA GeForce RTX 2060
[2022.06.03-07.04.18:616][  0]LogD3D11RHI:   Driver Version: 511.79 (internal:30.0.15.1179, unified:511.79)
[2022.06.03-07.04.18:616][  0]LogD3D11RHI:      Driver Date: 2-10-2022
[2022.06.03-07.04.18:616][  0]LogRHI: Texture pool is 4186 MB (70% of 5980 MB)
[2022.06.03-07.04.18:692][  0]LogD3D11RHI: RHI has support for 64 bit atomics
[2022.06.03-07.04.18:693][  0]LogD3D11RHI: Async texture creation enabled
[2022.06.03-07.04.18:719][  0]LogD3D11RHI: GPU Timing Frequency: 1000.000000 (Debug: 2 1)
[2022.06.03-07.04.19:029][  0]LogTargetPlatformManager: Display: Loaded TargetPlatform 'AllDesktop'
[2022.06.03-07.04.19:062][  0]LogTargetPlatformManager: Display: Loaded TargetPlatform 'Android'
[2022.06.03-07.04.19:062][  0]LogTargetPlatformManager: Display: Loaded TargetPlatform 'Android_ASTC'
[2022.06.03-07.04.19:062][  0]LogTargetPlatformManager: Display: Loaded TargetPlatform 'Android_ATC'
[2022.06.03-07.04.19:062][  0]LogTargetPlatformManager: Display: Loaded TargetPlatform 'Android_DXT'
[2022.06.03-07.04.19:062][  0]LogTargetPlatformManager: Display: Loaded TargetPlatform 'Android_ETC1'
[2022.06.03-07.04.19:062][  0]LogTargetPlatformManager: Display: Loaded TargetPlatform 'Android_ETC1a'
[2022.06.03-07.04.19:062][  0]LogTargetPlatformManager: Display: Loaded TargetPlatform 'Android_ETC2'
[2022.06.03-07.04.19:062][  0]LogTargetPlatformManager: Display: Loaded TargetPlatform 'Android_PVRTC'
[2022.06.03-07.04.19:062][  0]LogTargetPlatformManager: Display: Loaded TargetPlatform 'AndroidClient'
[2022.06.03-07.04.19:062][  0]LogTargetPlatformManager: Display: Loaded TargetPlatform 'Android_ASTCClient'
[2022.06.03-07.04.19:062][  0]LogTargetPlatformManager: Display: Loaded TargetPlatform 'Android_ATCClient'
[2022.06.03-07.04.19:062][  0]LogTargetPlatformManager: Display: Loaded TargetPlatform 'Android_DXTClient'
[2022.06.03-07.04.19:062][  0]LogTargetPlatformManager: Display: Loaded TargetPlatform 'Android_ETC1Client'
[2022.06.03-07.04.19:062][  0]LogTargetPlatformManager: Display: Loaded TargetPlatform 'Android_ETC1aClient'
[2022.06.03-07.04.19:062][  0]LogTargetPlatformManager: Display: Loaded TargetPlatform 'Android_ETC2Client'
[2022.06.03-07.04.19:062][  0]LogTargetPlatformManager: Display: Loaded TargetPlatform 'Android_PVRTCClient'
[2022.06.03-07.04.19:062][  0]LogTargetPlatformManager: Display: Loaded TargetPlatform 'Android_Multi'
[2022.06.03-07.04.19:062][  0]LogTargetPlatformManager: Display: Loaded TargetPlatform 'Android_MultiClient'
[2022.06.03-07.04.19:093][  0]LogTargetPlatformManager: Display: Loaded TargetPlatform 'IOSClient'
[2022.06.03-07.04.19:093][  0]LogTargetPlatformManager: Display: Loaded TargetPlatform 'IOS'
[2022.06.03-07.04.19:103][  0]LogTargetPlatformManager: Display: Loaded TargetPlatform 'LinuxNoEditor'
[2022.06.03-07.04.19:113][  0]LogTargetPlatformManager: Display: Loaded TargetPlatform 'LinuxClient'
[2022.06.03-07.04.19:122][  0]LogTargetPlatformManager: Display: Loaded TargetPlatform 'LinuxServer'
[2022.06.03-07.04.19:133][  0]LogTargetPlatformManager: Display: Loaded TargetPlatform 'LinuxAArch64NoEditor'
[2022.06.03-07.04.19:142][  0]LogTargetPlatformManager: Display: Loaded TargetPlatform 'LinuxAArch64Client'
[2022.06.03-07.04.19:152][  0]LogTargetPlatformManager: Display: Loaded TargetPlatform 'LinuxAArch64Server'
[2022.06.03-07.04.19:180][  0]LogTargetPlatformManager: Display: Loaded TargetPlatform 'Lumin'
[2022.06.03-07.04.19:180][  0]LogTargetPlatformManager: Display: Loaded TargetPlatform 'LuminClient'
[2022.06.03-07.04.19:195][  0]LogTargetPlatformManager: Display: Loaded TargetPlatform 'TVOSClient'
[2022.06.03-07.04.19:195][  0]LogTargetPlatformManager: Display: Loaded TargetPlatform 'TVOS'
[2022.06.03-07.04.19:205][  0]LogTargetPlatformManager: Display: Loaded TargetPlatform 'WindowsNoEditor'
[2022.06.03-07.04.19:216][  0]LogTargetPlatformManager: Display: Loaded TargetPlatform 'Windows'
[2022.06.03-07.04.19:227][  0]LogTargetPlatformManager: Display: Loaded TargetPlatform 'WindowsClient'
[2022.06.03-07.04.19:237][  0]LogTargetPlatformManager: Display: Loaded TargetPlatform 'WindowsServer'
[2022.06.03-07.04.19:237][  0]LogTargetPlatformManager: Display: Building Assets For Windows
[2022.06.03-07.04.19:250][  0]LogAudioDebug: Display: Lib vorbis DLL was dynamically loaded.
[2022.06.03-07.04.19:339][  0]LogShaderCompilers: Guid format shader working directory is -1 characters bigger than the processId version (C:/Users/User/Documents/Unreal Projects/내프로젝트/Intermediate/Shaders/WorkingDirectory/20780/).
[2022.06.03-07.04.19:339][  0]LogShaderCompilers: Cleaned the shader compiler working directory 'C:/Users/User/AppData/Local/Temp/UnrealShaderWorkingDir/304F127643D58F9512D2A89FCA978DBA/'.
[2022.06.03-07.04.19:342][  0]LogXGEController: Cleaning working directory: C:/Users/User/AppData/Local/Temp/UnrealXGEWorkingDir/
[2022.06.03-07.04.19:342][  0]LogXGEController: Cannot use XGE Controller as Incredibuild is not installed on this machine.
[2022.06.03-07.04.19:342][  0]LogShaderCompilers: Cannot use XGE Shader Compiler as Incredibuild is not installed on this machine.
[2022.06.03-07.04.19:342][  0]LogShaderCompilers: Display: Using Local Shader Compiler.
[2022.06.03-07.04.20:143][  0]LogDerivedDataCache: Display: Max Cache Size: 512 MB
[2022.06.03-07.04.20:224][  0]LogDerivedDataCache: Loaded boot cache 0.08s 81MB C:/Users/User/AppData/Local/UnrealEngine/4.24/DerivedDataCache/Boot.ddc.
[2022.06.03-07.04.20:224][  0]LogDerivedDataCache: Display: Loaded Boot cache: C:/Users/User/AppData/Local/UnrealEngine/4.24/DerivedDataCache/Boot.ddc
[2022.06.03-07.04.20:225][  0]LogDerivedDataCache: FDerivedDataBackendGraph:  Pak pak cache file C:/Users/User/Documents/Unreal Projects/내프로젝트/DerivedDataCache/DDC.ddp not found, will not use a pak cache.
[2022.06.03-07.04.20:225][  0]LogDerivedDataCache: Unable to find inner node Pak for hierarchical cache Hierarchy.
[2022.06.03-07.04.20:225][  0]LogDerivedDataCache: FDerivedDataBackendGraph:  CompressedPak pak cache file C:/Users/User/Documents/Unreal Projects/내프로젝트/DerivedDataCache/Compressed.ddp not found, will not use a pak cache.
[2022.06.03-07.04.20:225][  0]LogDerivedDataCache: Unable to find inner node CompressedPak for hierarchical cache Hierarchy.
[2022.06.03-07.04.20:237][  0]LogDerivedDataCache: Display: Pak cache opened for reading ../../../Engine/DerivedDataCache/Compressed.ddp.
[2022.06.03-07.04.20:237][  0]LogDerivedDataCache: FDerivedDataBackendGraph:  EnterprisePak pak cache file ../../../Enterprise/DerivedDataCache/Compressed.ddp not found, will not use a pak cache.
[2022.06.03-07.04.20:237][  0]LogDerivedDataCache: Unable to find inner node EnterprisePak for hierarchical cache Hierarchy.
[2022.06.03-07.04.20:238][  0]LogDerivedDataCache: Using Local data cache path C:/Users/User/AppData/Local/UnrealEngine/Common/DerivedDataCache: Writable
[2022.06.03-07.04.20:238][  0]LogDerivedDataCache: Shared data cache path not found in *engine.ini, will not use an Shared cache.
[2022.06.03-07.04.20:238][  0]LogDerivedDataCache: Unable to find inner node Shared for hierarchical cache Hierarchy.
[2022.06.03-07.04.20:262][  0]LogMaterial: Verifying Global Shaders for PCD3D_SM5
[2022.06.03-07.04.20:271][  0]LogSlate: Using FreeType 2.10.0
[2022.06.03-07.04.20:274][  0]LogSlate: SlateFontServices - WITH_FREETYPE: 1, WITH_HARFBUZZ: 1
[2022.06.03-07.04.20:398][  0]LogAssetRegistry: FAssetRegistry took 0.0055 seconds to start up
[2022.06.03-07.04.20:787][  0]LogInit: Selected Device Profile: [Windows]
[2022.06.03-07.04.21:027][  0]LogMeshReduction: Using QuadricMeshReduction for automatic static mesh reduction
[2022.06.03-07.04.21:027][  0]LogMeshReduction: Using SimplygonMeshReduction for automatic skeletal mesh reduction
[2022.06.03-07.04.21:027][  0]LogMeshReduction: Using ProxyLODMeshReduction for automatic mesh merging
[2022.06.03-07.04.21:027][  0]LogMeshReduction: No distributed automatic mesh merging module available
[2022.06.03-07.04.21:027][  0]LogMeshMerging: No distributed automatic mesh merging module available
[2022.06.03-07.04.21:061][  0]LogNetVersion: 내프로젝트 1.0.0, NetCL: 10570792, EngineNetVer: 13, GameNetVer: 0 (Checksum: 3205127090)
[2022.06.03-07.04.22:978][  0]LogPackageLocalizationCache: Processed 10 localized package path(s) for 1 prioritized culture(s) in 0.044210 seconds
[2022.06.03-07.04.22:987][  0]LogUObjectArray: 46750 objects as part of root set at end of initial load.
[2022.06.03-07.04.22:987][  0]LogUObjectAllocator: 8137160 out of 0 bytes used by permanent object pool.
[2022.06.03-07.04.22:987][  0]LogUObjectArray: CloseDisregardForGC: 0/0 objects in disregard for GC pool
[2022.06.03-07.04.23:750][  0]LogTcpMessaging: Initializing TcpMessaging bridge
[2022.06.03-07.04.23:759][  0]LogUdpMessaging: Initializing bridge on interface 0.0.0.0:0 to multicast group 230.0.0.1:6666.
[2022.06.03-07.04.23:876][  0]SourceControl: 소스 컨트롤이 꺼졌습니다.
[2022.06.03-07.04.23:876][  0]SourceControl: 소스 컨트롤이 꺼졌습니다.
[2022.06.03-07.04.23:888][  0]SourceControl: 소스 컨트롤이 꺼졌습니다.
[2022.06.03-07.04.23:896][  0]SourceControl: 소스 컨트롤이 꺼졌습니다.
[2022.06.03-07.04.23:901][  0]SourceControl: 소스 컨트롤이 꺼졌습니다.
[2022.06.03-07.04.24:140][  0]LogAndroidPermission: UAndroidPermissionCallbackProxy::GetInstance
[2022.06.03-07.04.24:165][  0]LogAudioCaptureCore: Display: No Audio Capture implementations found. Audio input will be silent.
[2022.06.03-07.04.24:165][  0]LogAudioCaptureCore: Display: No Audio Capture implementations found. Audio input will be silent.
[2022.06.03-07.04.24:301][  0]LogOcInput: OculusInput pre-init called
[2022.06.03-07.04.25:097][  0]LogEngine: Initializing Engine...
[2022.06.03-07.04.25:100][  0]LogHMD: Failed to initialize OpenVR with code 100
[2022.06.03-07.04.25:103][  0]LogStats: UGameplayTagsManager::InitializeManager -  0.002 s
[2022.06.03-07.04.25:434][  0]LogInit: Initializing FReadOnlyCVARCache
[2022.06.03-07.04.25:476][  0]LogAIModule: Creating AISystem for world Untitled
[2022.06.03-07.04.25:488][  0]LogAudioMixer: Display: Audio Mixer Platform Settings:
[2022.06.03-07.04.25:488][  0]LogAudioMixer: Display: 	Sample Rate:						  48000
[2022.06.03-07.04.25:488][  0]LogAudioMixer: Display: 	Callback Buffer Frame Size Requested: 1024
[2022.06.03-07.04.25:488][  0]LogAudioMixer: Display: 	Callback Buffer Frame Size To Use:	  1024
[2022.06.03-07.04.25:488][  0]LogAudioMixer: Display: 	Number of buffers to queue:			  2
[2022.06.03-07.04.25:488][  0]LogAudioMixer: Display: 	Max Channels (voices):				  32
[2022.06.03-07.04.25:488][  0]LogAudioMixer: Display: 	Number of Async Source Workers:		  0
[2022.06.03-07.04.25:488][  0]LogAudio: Display: AudioDevice MaxSources: 32
[2022.06.03-07.04.25:489][  0]LogAudio: Display: Using built-in audio occlusion.
[2022.06.03-07.04.25:489][  0]LogAudioMixer: Display: Initializing audio mixer.
[2022.06.03-07.04.25:519][  0]LogAudioMixer: Display: Audio Device Output Speaker Info:
[2022.06.03-07.04.25:519][  0]LogAudioMixer: Display: Name: Speaker(Realtek(R) Audio)
[2022.06.03-07.04.25:519][  0]LogAudioMixer: Display: Is Default: Yes
[2022.06.03-07.04.25:520][  0]LogAudioMixer: Display: Sample Rate: 48000
[2022.06.03-07.04.25:520][  0]LogAudioMixer: Display: Channel Count Used: 2
[2022.06.03-07.04.25:520][  0]LogAudioMixer: Display: Device Channel Count: 2
[2022.06.03-07.04.25:520][  0]LogAudioMixer: Display: Channel Order:
[2022.06.03-07.04.25:520][  0]LogAudioMixer: Display: 0: FrontLeft
[2022.06.03-07.04.25:520][  0]LogAudioMixer: Display: 1: FrontRight
[2022.06.03-07.04.25:727][  0]LogAudioMixer: Display: Using Audio Device Speaker(Realtek(R) Audio)
[2022.06.03-07.04.25:735][  0]LogInit: FAudioDevice initialized.
[2022.06.03-07.04.25:735][  0]LogNetVersion: Set ProjectVersion to 1.0.0.0. Version Checksum will be recalculated on next use.
[2022.06.03-07.04.25:786][  0]LogDerivedDataCache: Saved boot cache 0.05s 81MB C:/Users/User/AppData/Local/UnrealEngine/4.24/DerivedDataCache/Boot.ddc.
[2022.06.03-07.04.25:787][  0]LogInit: Texture streaming: Enabled
[2022.06.03-07.04.25:809][  0]LogEngineSessionManager: EngineSessionManager initialized
[2022.06.03-07.04.25:809][  0]LogEditorSessionSummary: Verbose: Initializing EditorSessionSummaryWriter for editor session tracking
[2022.06.03-07.04.25:813][  0]LogEditorSessionSummary: EditorSessionSummaryWriter initialized
[2022.06.03-07.04.26:075][  0]LogInit: Transaction tracking system initialized
[2022.06.03-07.04.26:124][  0]BlueprintLog: New page: 에디터 로드
[2022.06.03-07.04.26:266][  0]LocalizationService: 현지화 서비스가 비활성화되었습니다.
[2022.06.03-07.04.26:919][  0]LogFileCache: Scanning file cache for directory 'C:/Users/User/Documents/Unreal Projects/내프로젝트/Content/' took 0.01s
[2022.06.03-07.04.26:919][  0]LogCook: Display: Max memory allowance for cook 16384mb min free memory 0mb
[2022.06.03-07.04.26:920][  0]LogCook: Display: Mobile HDR setting 1
[2022.06.03-07.04.27:763][  0]SourceControl: 소스 컨트롤이 꺼졌습니다.
[2022.06.03-07.04.27:764][  0]Cmd: MAP LOAD FILE="../../../Engine/Content/Maps/Templates/Template_Default.umap" TEMPLATE=1 SHOWPROGRESS=1 FEATURELEVEL=3
[2022.06.03-07.04.27:766][  0]LightingResults: New page: 라이팅 빌드
[2022.06.03-07.04.27:772][  0]LogWorld: UWorld::CleanupWorld for Untitled, bSessionEnded=true, bCleanupResources=true
[2022.06.03-07.04.27:773][  0]LogSlate: InvalidateAllWidgets triggered.  All widgets were invalidated
[2022.06.03-07.04.27:774][  0]MapCheck: New page: 맵 체크
[2022.06.03-07.04.27:774][  0]LightingResults: New page: 라이팅 빌드
[2022.06.03-07.04.27:801][  0]LogUObjectHash: Compacting FUObjectHashTables data took   1.61ms
[2022.06.03-07.04.27:912][  0]LogAIModule: Creating AISystem for world Untitled_1
[2022.06.03-07.04.27:930][  0]LogEditorServer: Finished looking for orphan Actors (0.000 secs)
[2022.06.03-07.04.27:957][  0]LogUObjectHash: Compacting FUObjectHashTables data took   1.97ms
[2022.06.03-07.04.27:957][  0]Cmd: MAP CHECKDEP NOCLEARLOG
[2022.06.03-07.04.27:958][  0]MapCheck: 맵 체크 완료: 오류 0 회, 경고 0 회, 소요 시간 0.613ms.
[2022.06.03-07.04.27:958][  0]LogFileHelpers: Loading map 'Template_Default' took 0.195
[2022.06.03-07.04.28:166][  0]LogSlate: Updating window title bar state: overlay mode, drag disabled, window buttons hidden, title bar hidden
[2022.06.03-07.04.28:174][  0]LogSlate: Updating window title bar state: overlay mode, drag disabled, window buttons hidden, title bar hidden
[2022.06.03-07.04.28:180][  0]LogSlate: Updating window title bar state: overlay mode, drag disabled, window buttons hidden, title bar hidden
[2022.06.03-07.04.28:187][  0]LogSlate: Updating window title bar state: overlay mode, drag disabled, window buttons hidden, title bar hidden
[2022.06.03-07.04.28:204][  0]LogCollectionManager: Loaded 0 collections in 0.000976 seconds
[2022.06.03-07.04.28:240][  0]LogFileCache: Scanning file cache for directory 'C:/Users/User/Documents/Unreal Projects/내프로젝트/Saved/Collections/' took 0.00s
[2022.06.03-07.04.28:240][  0]LogFileCache: Scanning file cache for directory 'C:/Users/User/Documents/Unreal Projects/내프로젝트/Content/Developers/User/Collections/' took 0.00s
[2022.06.03-07.04.28:240][  0]LogFileCache: Scanning file cache for directory 'C:/Users/User/Documents/Unreal Projects/내프로젝트/Content/Collections/' took 0.00s
[2022.06.03-07.04.28:240][  0]LogContentBrowser: Native class hierarchy populated in 0.0083 seconds. Added 3015 classes and 717 folders.
[2022.06.03-07.04.28:248][  0]LogContentBrowser: Native class hierarchy updated for 'WidgetCarousel' in 0.0004 seconds. Added 0 classes and 0 folders.
[2022.06.03-07.04.28:370][  0]LogContentBrowser: Native class hierarchy updated for 'AddContentDialog' in 0.0003 seconds. Added 0 classes and 0 folders.
[2022.06.03-07.04.28:385][  0]LogContentBrowser: Native class hierarchy updated for 'SceneOutliner' in 0.0003 seconds. Added 2 classes and 3 folders.
[2022.06.03-07.04.28:393][  0]LogSlate: Warning: The tab "TakeRecorder" attempted to spawn but failed for some reason. It will not be displayed but it will still be saved in the layout settings file.
[2022.06.03-07.04.28:413][  0]LogContentBrowser: Native class hierarchy updated for 'WorldBrowser' in 0.0003 seconds. Added 2 classes and 3 folders.
[2022.06.03-07.04.28:641][  0]LogSlate: Took 0.001515 seconds to synchronously load lazily loaded font '../../../Engine/Content/Slate/Fonts/Roboto-Regular.ttf' (155K)
[2022.06.03-07.04.28:647][  0]LogSlate: Took 0.005494 seconds to synchronously load lazily loaded font '../../../Engine/Content/Editor/Slate/Fonts/NanumGothic.ttf' (4243K)
[2022.06.03-07.04.28:655][  0]LogSlate: Took 0.005146 seconds to synchronously load lazily loaded font '../../../Engine/Content/Editor/Slate/Fonts/NanumGothicBold.ttf' (4188K)
[2022.06.03-07.04.28:656][  0]LogSlate: Took 0.001303 seconds to synchronously load lazily loaded font '../../../Engine/Content/Slate/Fonts/Roboto-Bold.ttf' (160K)
[2022.06.03-07.04.28:660][  0]LogSlate: Took 0.001509 seconds to synchronously load lazily loaded font '../../../Engine/Content/Editor/Slate/Fonts/FontAwesome.ttf' (139K)
[2022.06.03-07.04.28:736][  0]LogRenderer: Reallocating scene render targets to support 1368x564 Format 10 NumSamples 1 (Frame:1).
[2022.06.03-07.04.28:900][  0]LogContentBrowser: Native class hierarchy updated for 'HierarchicalLODOutliner' in 0.0005 seconds. Added 0 classes and 0 folders.
[2022.06.03-07.04.28:900][  0]LogLoad: (Engine Initialization) Total time: 13.88 seconds
[2022.06.03-07.04.28:900][  0]LogLoad: (Engine Initialization) Total Blueprint compile time: 0.00 seconds
[2022.06.03-07.04.28:961][  0]LogContentStreaming: Texture pool size now 1000 MB
[2022.06.03-07.04.29:161][  3]LogAssetRegistry: Asset discovery search completed in 8.7637 seconds
[2022.06.03-07.04.29:166][  3]LogCollectionManager: Fixed up redirectors for 0 collections in 0.000025 seconds (updated 0 objects)
[2022.06.03-07.04.33:288][409]LogSlate: Took 0.000912 seconds to synchronously load lazily loaded font '../../../Engine/Content/Slate/Fonts/Roboto-Light.ttf' (167K)
[2022.06.03-07.04.36:564][418]LogSlate: Took 0.000355 seconds to synchronously load lazily loaded font '../../../Engine/Content/Slate/Fonts/Roboto-Light.ttf' (167K)
[2022.06.03-07.04.36:605][418]LogAssetEditorSubsystem: Opening Asset editor for Blueprint /Game/ThirdPersonBP/Blueprints/Item/회복약자손/BP_작은붕대.BP_작은붕대
[2022.06.03-07.04.36:764][418]LogContentBrowser: Native class hierarchy updated for 'BlueprintGraph' in 0.0006 seconds. Added 121 classes and 0 folders.
[2022.06.03-07.04.38:313][496]LogWorld: UWorld::CleanupWorld for World_0, bSessionEnded=true, bCleanupResources=true
[2022.06.03-07.04.38:313][496]LogSlate: InvalidateAllWidgets triggered.  All widgets were invalidated
[2022.06.03-07.04.41:270][780]LogAssetEditorSubsystem: Opening Asset editor for Blueprint /Game/ThirdPersonBP/Blueprints/ThirdPersonCharacter.ThirdPersonCharacter
[2022.06.03-07.04.41:555][780]LogSlate: Took 0.001148 seconds to synchronously load lazily loaded font '../../../Engine/Content/Slate/Fonts/Roboto-BoldCondensed.ttf' (158K)
[2022.06.03-07.04.41:656][781]LogSlate: Took 0.001240 seconds to synchronously load lazily loaded font '../../../Engine/Content/Slate/Fonts/Roboto-Italic.ttf' (157K)
[2022.06.03-07.06.18:287][259]LogAudioMixer: Warning: Changing default audio render device to new device: {0.0.0.00000000}.{f5762288-81db-4688-bca7-ce24fe62742b}.
[2022.06.03-07.06.18:287][259]LogTemp: Resetting audio stream to device id 
[2022.06.03-07.06.18:320][259]LogAudioMixer: Display: Audio Device Output Speaker Info:
[2022.06.03-07.06.18:320][259]LogAudioMixer: Display: Name: Headphone(Realtek(R) Audio)
[2022.06.03-07.06.18:320][259]LogAudioMixer: Display: Is Default: Yes
[2022.06.03-07.06.18:320][259]LogAudioMixer: Display: Sample Rate: 48000
[2022.06.03-07.06.18:320][259]LogAudioMixer: Display: Channel Count Used: 2
[2022.06.03-07.06.18:320][259]LogAudioMixer: Display: Device Channel Count: 2
[2022.06.03-07.06.18:320][259]LogAudioMixer: Display: Channel Order:
[2022.06.03-07.06.18:320][259]LogAudioMixer: Display: 0: FrontLeft
[2022.06.03-07.06.18:320][259]LogAudioMixer: Display: 1: FrontRight
[2022.06.03-07.08.26:556][384]LogAIModule: Creating AISystem for world ThirdPersonExampleMap
[2022.06.03-07.08.26:569][384]LogAssetEditorSubsystem: Opening Asset editor for World /Game/ThirdPersonBP/Maps/ThirdPersonExampleMap.ThirdPersonExampleMap
[2022.06.03-07.08.26:611][384]LogUObjectHash: Compacting FUObjectHashTables data took   3.23ms
[2022.06.03-07.08.26:614][384]Cmd: MAP LOAD FILE="C:/Users/User/Documents/Unreal Projects/내프로젝트/Content/ThirdPersonBP/Maps/ThirdPersonExampleMap.umap" TEMPLATE=0 SHOWPROGRESS=1 FEATURELEVEL=3
[2022.06.03-07.08.26:616][384]LightingResults: New page: 라이팅 빌드
[2022.06.03-07.08.26:617][384]LoadErrors: New page: 맵 로드중: ThirdPersonExampleMap.umap
[2022.06.03-07.08.26:618][384]LogWorld: UWorld::CleanupWorld for Untitled_1, bSessionEnded=true, bCleanupResources=true
[2022.06.03-07.08.26:618][384]LogSlate: InvalidateAllWidgets triggered.  All widgets were invalidated
[2022.06.03-07.08.26:619][384]MapCheck: New page: 맵 체크
[2022.06.03-07.08.26:619][384]LightingResults: New page: 라이팅 빌드
[2022.06.03-07.08.26:654][384]LogUObjectHash: Compacting FUObjectHashTables data took   2.42ms
[2022.06.03-07.08.26:773][384]LogEditorServer: Finished looking for orphan Actors (0.000 secs)
[2022.06.03-07.08.26:810][384]LogUObjectHash: Compacting FUObjectHashTables data took   2.46ms
[2022.06.03-07.08.26:820][384]Cmd: MAP CHECKDEP NOCLEARLOG
[2022.06.03-07.08.26:822][384]MapCheck: 맵 체크 완료: 오류 0 회, 경고 0 회, 소요 시간 1.313ms.
[2022.06.03-07.08.26:822][384]LogFileHelpers: Loading map 'ThirdPersonExampleMap' took 0.208
[2022.06.03-07.08.30:659][610]LogTemp: Repeating last play command: 선택된 뷰포트
[2022.06.03-07.08.30:678][610]LogBlueprintUserMessages: Early PlayInEditor Detection: Level '/Game/ThirdPersonBP/Maps/ThirdPersonExampleMap.ThirdPersonExampleMap:PersistentLevel' has LevelScriptBlueprint '/Game/ThirdPersonBP/Maps/ThirdPersonExampleMap.ThirdPersonExampleMap:PersistentLevel.ThirdPersonExampleMap' with GeneratedClass '/Game/ThirdPersonBP/Maps/ThirdPersonExampleMap.ThirdPersonExampleMap_C' with ClassGeneratedBy '/Game/ThirdPersonBP/Maps/ThirdPersonExampleMap.ThirdPersonExampleMap:PersistentLevel.ThirdPersonExampleMap'
[2022.06.03-07.08.30:680][610]LogPlayLevel: PlayLevel: No blueprints needed recompiling
[2022.06.03-07.08.30:681][610]PIE: New page: PIE 세션: ThirdPersonExampleMap (2022. 6. 4. 오전 1:08:30)
[2022.06.03-07.08.30:685][610]LogOnline: OSS: Creating online subsystem instance for: NULL
[2022.06.03-07.08.30:687][610]LogOnline: OSS: TryLoadSubsystemAndSetDefault: Loaded subsystem for module [NULL]
[2022.06.03-07.08.30:687][610]LogPlayLevel: Creating play world package: /Game/ThirdPersonBP/Maps/UEDPIE_0_ThirdPersonExampleMap
[2022.06.03-07.08.30:704][610]LogPlayLevel: PIE: StaticDuplicateObject took: (0.016451s)
[2022.06.03-07.08.30:705][610]LogAIModule: Creating AISystem for world ThirdPersonExampleMap
[2022.06.03-07.08.30:706][610]LogPlayLevel: PIE: World Init took: (0.001765s)
[2022.06.03-07.08.30:706][610]LogPlayLevel: PIE: Created PIE world by copying editor world from /Game/ThirdPersonBP/Maps/ThirdPersonExampleMap.ThirdPersonExampleMap to /Game/ThirdPersonBP/Maps/UEDPIE_0_ThirdPersonExampleMap.ThirdPersonExampleMap (0.018716s)
[2022.06.03-07.08.30:737][610]LogUObjectHash: Compacting FUObjectHashTables data took   2.34ms
[2022.06.03-07.08.30:740][610]LogAudioMixer: Display: Audio Mixer Platform Settings:
[2022.06.03-07.08.30:740][610]LogAudioMixer: Display: 	Sample Rate:						  48000
[2022.06.03-07.08.30:740][610]LogAudioMixer: Display: 	Callback Buffer Frame Size Requested: 1024
[2022.06.03-07.08.30:740][610]LogAudioMixer: Display: 	Callback Buffer Frame Size To Use:	  1024
[2022.06.03-07.08.30:740][610]LogAudioMixer: Display: 	Number of buffers to queue:			  2
[2022.06.03-07.08.30:740][610]LogAudioMixer: Display: 	Max Channels (voices):				  32
[2022.06.03-07.08.30:740][610]LogAudioMixer: Display: 	Number of Async Source Workers:		  0
[2022.06.03-07.08.30:740][610]LogAudio: Display: AudioDevice MaxSources: 32
[2022.06.03-07.08.30:740][610]LogAudio: Display: Using built-in audio occlusion.
[2022.06.03-07.08.30:740][610]LogAudioMixer: Display: Initializing audio mixer.
[2022.06.03-07.08.30:762][610]LogAudioMixer: Display: Audio Device Output Speaker Info:
[2022.06.03-07.08.30:762][610]LogAudioMixer: Display: Name: Headphone(Realtek(R) Audio)
[2022.06.03-07.08.30:762][610]LogAudioMixer: Display: Is Default: Yes
[2022.06.03-07.08.30:762][610]LogAudioMixer: Display: Sample Rate: 48000
[2022.06.03-07.08.30:762][610]LogAudioMixer: Display: Channel Count Used: 2
[2022.06.03-07.08.30:762][610]LogAudioMixer: Display: Device Channel Count: 2
[2022.06.03-07.08.30:762][610]LogAudioMixer: Display: Channel Order:
[2022.06.03-07.08.30:762][610]LogAudioMixer: Display: 0: FrontLeft
[2022.06.03-07.08.30:762][610]LogAudioMixer: Display: 1: FrontRight
[2022.06.03-07.08.30:952][610]LogAudioMixer: Display: Using Audio Device Headphone(Realtek(R) Audio)
[2022.06.03-07.08.30:954][610]LogInit: FAudioDevice initialized.
[2022.06.03-07.08.30:968][610]LogLoad: Game class is 'GameModeBase'
[2022.06.03-07.08.30:976][610]LogWorld: Bringing World /Game/ThirdPersonBP/Maps/UEDPIE_0_ThirdPersonExampleMap.ThirdPersonExampleMap up for play (max tick rate 60) at 2022.06.03-16.08.30
[2022.06.03-07.08.30:987][610]LogWorld: Bringing up level for play took: 0.012613
[2022.06.03-07.08.30:988][610]LogOnline: OSS: Creating online subsystem instance for: :Context_5
[2022.06.03-07.08.31:004][610]LogContentBrowser: Native class hierarchy updated for 'MovieSceneCapture' in 0.0006 seconds. Added 20 classes and 0 folders.
[2022.06.03-07.08.31:009][610]PIE: /Game/ThirdPersonBP/Maps/UEDPIE_0_ThirdPersonExampleMap 에 대한 에디터에서 플레이 시작 시간: -0.551
[2022.06.03-07.08.31:009][610]LogBlueprintUserMessages: Late PlayInEditor Detection: Level '/Game/ThirdPersonBP/Maps/ThirdPersonExampleMap.ThirdPersonExampleMap:PersistentLevel' has LevelScriptBlueprint '/Game/ThirdPersonBP/Maps/ThirdPersonExampleMap.ThirdPersonExampleMap:PersistentLevel.ThirdPersonExampleMap' with GeneratedClass '/Game/ThirdPersonBP/Maps/ThirdPersonExampleMap.ThirdPersonExampleMap_C' with ClassGeneratedBy '/Game/ThirdPersonBP/Maps/ThirdPersonExampleMap.ThirdPersonExampleMap:PersistentLevel.ThirdPersonExampleMap'
[2022.06.03-07.08.36:841][941]LogAudioMixer: Display: No commands were queued while flushing the source manager.
[2022.06.03-07.08.36:860][941]LogAudioMixer: Display: Flush succeeded in the source manager command queue (1).
[2022.06.03-07.08.36:890][941]LogAudioMixer: Display: Flush succeeded the source manager command queue (2).
[2022.06.03-07.08.36:891][941]LogBlueprintUserMessages: Early EndPlayMap Detection: Level '/Game/ThirdPersonBP/Maps/ThirdPersonExampleMap.ThirdPersonExampleMap:PersistentLevel' has LevelScriptBlueprint '/Game/ThirdPersonBP/Maps/ThirdPersonExampleMap.ThirdPersonExampleMap:PersistentLevel.ThirdPersonExampleMap' with GeneratedClass '/Game/ThirdPersonBP/Maps/ThirdPersonExampleMap.ThirdPersonExampleMap_C' with ClassGeneratedBy '/Game/ThirdPersonBP/Maps/ThirdPersonExampleMap.ThirdPersonExampleMap:PersistentLevel.ThirdPersonExampleMap'
[2022.06.03-07.08.36:893][941]LogSlate: Updating window title bar state: overlay mode, drag disabled, window buttons hidden, title bar hidden
[2022.06.03-07.08.36:893][941]LogWorld: BeginTearingDown for /Game/ThirdPersonBP/Maps/UEDPIE_0_ThirdPersonExampleMap
[2022.06.03-07.08.36:893][941]LogAudioMixer: Display: No commands were queued while flushing the source manager.
[2022.06.03-07.08.36:893][941]LogWorld: UWorld::CleanupWorld for ThirdPersonExampleMap, bSessionEnded=true, bCleanupResources=true
[2022.06.03-07.08.36:895][941]LogSlate: InvalidateAllWidgets triggered.  All widgets were invalidated
[2022.06.03-07.08.36:902][941]LogPlayLevel: Display: Shutting down PIE online subsystems
[2022.06.03-07.08.36:903][941]LogBlueprintUserMessages: Late EndPlayMap Detection: Level '/Game/ThirdPersonBP/Maps/ThirdPersonExampleMap.ThirdPersonExampleMap:PersistentLevel' has LevelScriptBlueprint '/Game/ThirdPersonBP/Maps/ThirdPersonExampleMap.ThirdPersonExampleMap:PersistentLevel.ThirdPersonExampleMap' with GeneratedClass '/Game/ThirdPersonBP/Maps/ThirdPersonExampleMap.ThirdPersonExampleMap_C' with ClassGeneratedBy '/Game/ThirdPersonBP/Maps/ThirdPersonExampleMap.ThirdPersonExampleMap:PersistentLevel.ThirdPersonExampleMap'
[2022.06.03-07.08.36:908][941]LogSlate: InvalidateAllWidgets triggered.  All widgets were invalidated
[2022.06.03-07.08.36:941][941]LogAudioMixer: Display: No commands were queued while flushing the source manager.
[2022.06.03-07.08.36:949][941]LogSlate: Updating window title bar state: overlay mode, drag disabled, window buttons hidden, title bar hidden
[2022.06.03-07.08.36:971][941]LogUObjectHash: Compacting FUObjectHashTables data took   3.49ms
[2022.06.03-07.08.36:994][942]LogPlayLevel: Display: Destroying online subsystem :Context_5
